<generatedTop>
  <k>
    check "gas" : 79988 ~> failure "add_return" ~> clear ~> run { .JSONList } ~> success ~> .EthereumSimulation
  </k>
  <exit-code>
    1
  </exit-code>
  <mode>
    VMTESTS
  </mode>
  <schedule>
    DEFAULT
  </schedule>
  <analysis>
    .Map
  </analysis>
  <ethereum>
    <evm>
      <output>
        .WordStack
      </output>
      <statusCode>
        EVMC_SUCCESS
      </statusCode>
      <callStack>
        .List
      </callStack>
      <interimStates>
        .List
      </interimStates>
      <touchedAccounts>
        .Set
      </touchedAccounts>
      <callState>
        <program>
          0 |-> PUSH ( 1 , 1 )
          2 |-> PUSH ( 1 , 3 )
          4 |-> ADD
          5 |-> PUSH ( 1 , 64 )
          7 |-> MLOAD
          8 |-> MSTORE
        </program>
        <programBytes>
          96 : 1 : 96 : 3 : 1 : 96 : 64 : 81 : 82 : .WordStack
        </programBytes>
        <id>
          87579061662017136990230301793909925042452127430
        </id>
        <caller>
          1170859069521887415590932569929099639409724315265
        </caller>
        <callData>
          .WordStack
        </callData>
        <callValue>
          1000000000000000000
        </callValue>
        <wordStack>
          .WordStack
        </wordStack>
        <localMem>
          0 |-> 0
          1 |-> 0
          2 |-> 0
          3 |-> 0
          4 |-> 0
          5 |-> 0
          6 |-> 0
          7 |-> 0
          8 |-> 0
          9 |-> 0
          10 |-> 0
          11 |-> 0
          12 |-> 0
          13 |-> 0
          14 |-> 0
          15 |-> 0
          16 |-> 0
          17 |-> 0
          18 |-> 0
          19 |-> 0
          20 |-> 0
          21 |-> 0
          22 |-> 0
          23 |-> 0
          24 |-> 0
          25 |-> 0
          26 |-> 0
          27 |-> 0
          28 |-> 0
          29 |-> 0
          30 |-> 0
          31 |-> 4
        </localMem>
        <pc>
          9
        </pc>
        <gas>
          99973
        </gas>
        <memoryUsed>
          3
        </memoryUsed>
        <previousGas>
          99976
        </previousGas>
        <static>
          false
        </static>
        <callDepth>
          0
        </callDepth>
      </callState>
      <substate>
        <selfDestruct>
          .Set
        </selfDestruct>
        <log>
          .List
        </log>
        <refund>
          0
        </refund>
      </substate>
      <gasPrice>
        100000000000000
      </gasPrice>
      <origin>
        1170859069521887415590932569929099639409724315265
      </origin>
      <previousHash>
        0
      </previousHash>
      <ommersHash>
        0
      </ommersHash>
      <coinbase>
        244687034288125203496486448490407391986876152250
      </coinbase>
      <stateRoot>
        0
      </stateRoot>
      <transactionsRoot>
        0
      </transactionsRoot>
      <receiptsRoot>
        0
      </receiptsRoot>
      <logsBloom>
        .WordStack
      </logsBloom>
      <difficulty>
        256
      </difficulty>
      <number>
        0
      </number>
      <gasLimit>
        1000000
      </gasLimit>
      <gasUsed>
        0
      </gasUsed>
      <timestamp>
        1
      </timestamp>
      <extraData>
        .WordStack
      </extraData>
      <mixHash>
        0
      </mixHash>
      <blockNonce>
        0
      </blockNonce>
      <ommerBlockHeaders>
        [ .JSONList ]
      </ommerBlockHeaders>
      <blockhash>
        .List
      </blockhash>
    </evm>
    <network>
      <activeAccounts>
        SetItem ( 87579061662017136990230301793909925042452127430 )
        SetItem ( 244687034288125203496486448490407391986876152250 )
      </activeAccounts>
      <accounts>
        <acctID>
          87579061662017136990230301793909925042452127430
        </acctID> |-> <account>
          <acctID>
            87579061662017136990230301793909925042452127430
          </acctID>
          <balance>
            1000000000000000000
          </balance>
          <code>
            96 : 1 : 96 : 3 : 1 : 96 : 64 : 81 : 82 : .WordStack
          </code>
          <storage>
            .Map
          </storage>
          <origStorage>
            .Map
          </origStorage>
          <nonce>
            0
          </nonce>
        </account>
        <acctID>
          244687034288125203496486448490407391986876152250
        </acctID> |-> <account>
          <acctID>
            244687034288125203496486448490407391986876152250
          </acctID>
          <balance>
            0
          </balance>
          <code>
            .WordStack
          </code>
          <storage>
            .Map
          </storage>
          <origStorage>
            .Map
          </origStorage>
          <nonce>
            0
          </nonce>
        </account>
      </accounts>
      <txOrder>
        .List
      </txOrder>
      <txPending>
        .List
      </txPending>
      <messages>
        .Map
      </messages>
    </network>
  </ethereum>
</generatedTop>
[Warning] Critical: Found 0 integer variables in exit code pattern. Returning
111.
